<?xml version="1.0" encoding="UTF-8"?>
<!-- Generated by org.testng.reporters.JUnitReportReporter -->
<testsuite hostname="INsaikrisv.local" name="com.paralle.tests.MinusTest" tests="1" failures="0" timestamp="2 Dec 2015 11:23:32 GMT" time="16.705" errors="0">
  <testcase name="minusTest" time="16.705" classname="com.paralle.tests.MinusTest"/>
</testsuite> <!-- com.paralle.tests.MinusTest -->
