<?xml version="1.0" encoding="UTF-8"?>
<!-- Generated by org.testng.reporters.JUnitReportReporter -->
<testsuite hostname="INsaikrisv.local" name="com.paralle.tests.Runner" tests="1" failures="0" timestamp="30 Oct 2015 19:24:05 GMT" time="17.981" errors="0">
  <testcase name="testApp" time="17.981" classname="com.paralle.tests.Runner"/>
</testsuite> <!-- com.paralle.tests.Runner -->
