<?xml version="1.0" encoding="UTF-8"?>
<!-- Generated by org.testng.reporters.JUnitReportReporter -->
<testsuite hostname="INsaikrisv.local" name="com.paralle.tests.HomePageTest1" tests="1" failures="0" timestamp="27 Oct 2015 10:55:28 GMT" time="5.008" errors="0">
  <testcase name="testMethodOne_1" time="5.008" classname="com.paralle.tests.HomePageTest1"/>
</testsuite> <!-- com.paralle.tests.HomePageTest1 -->
