<?xml version="1.0" encoding="UTF-8"?>
<!-- Generated by org.testng.reporters.JUnitReportReporter -->
<testsuite hostname="INsaikrisv.local" name="com.paralle.tests.AddTest" tests="1" failures="0" timestamp="9 Nov 2015 20:10:20 GMT" time="5.230" errors="0">
  <testcase name="addTest" time="5.230" classname="com.paralle.tests.AddTest"/>
</testsuite> <!-- com.paralle.tests.AddTest -->
