<?xml version="1.0" encoding="UTF-8"?>
<!-- Generated by org.testng.reporters.JUnitReportReporter -->
<testsuite hostname="INsaikrisv.local" name="com.paralle.tests.MinusTest" tests="1" failures="0" timestamp="9 Nov 2015 20:10:37 GMT" time="4.974" errors="0">
  <testcase name="minusTest" time="4.974" classname="com.paralle.tests.MinusTest"/>
</testsuite> <!-- com.paralle.tests.MinusTest -->
